{"/server/server.js": {"path":"/server/server.js","statementMap":{"0":{"start":{"line":1,"column":19},"end":{"line":1,"column":52}},"1":{"start":{"line":2,"column":20},"end":{"line":2,"column":54}},"2":{"start":{"line":4,"column":16},"end":{"line":4,"column":34}},"3":{"start":{"line":5,"column":15},"end":{"line":5,"column":24}},"4":{"start":{"line":6,"column":13},"end":{"line":6,"column":28}},"5":{"start":{"line":13,"column":0},"end":{"line":13,"column":19}},"6":{"start":{"line":16,"column":0},"end":{"line":16,"column":27}},"7":{"start":{"line":18,"column":17},"end":{"line":18,"column":36}},"8":{"start":{"line":19,"column":0},"end":{"line":19,"column":34}},"9":{"start":{"line":20,"column":0},"end":{"line":20,"column":39}},"10":{"start":{"line":22,"column":13},"end":{"line":22,"column":37}},"11":{"start":{"line":24,"column":0},"end":{"line":24,"column":33}},"12":{"start":{"line":25,"column":0},"end":{"line":25,"column":35}},"13":{"start":{"line":27,"column":0},"end":{"line":29,"column":2}},"14":{"start":{"line":28,"column":2},"end":{"line":28,"column":55}},"15":{"start":{"line":31,"column":0},"end":{"line":33,"column":3}},"16":{"start":{"line":32,"column":2},"end":{"line":32,"column":56}},"17":{"start":{"line":35,"column":0},"end":{"line":35,"column":23}}},"fnMap":{"0":{"name":"(anonymous_0)","decl":{"start":{"line":27,"column":20},"end":{"line":27,"column":21}},"loc":{"start":{"line":28,"column":2},"end":{"line":28,"column":55}},"line":28},"1":{"name":"(anonymous_1)","decl":{"start":{"line":31,"column":16},"end":{"line":31,"column":17}},"loc":{"start":{"line":31,"column":30},"end":{"line":33,"column":1}},"line":31}},"branchMap":{"0":{"loc":{"start":{"line":22,"column":13},"end":{"line":22,"column":37}},"type":"binary-expr","locations":[{"start":{"line":22,"column":13},"end":{"line":22,"column":29}},{"start":{"line":22,"column":33},"end":{"line":22,"column":37}}],"line":22}},"s":{"0":1,"1":1,"2":1,"3":1,"4":1,"5":1,"6":1,"7":1,"8":1,"9":1,"10":1,"11":1,"12":1,"13":1,"14":1,"15":1,"16":1,"17":1},"f":{"0":1,"1":1},"b":{"0":[1,1]},"_coverageSchema":"1a1c01bbd47fc00a2c39e90264f33305004495a9","hash":"d31b0feedd2f50b9897b2e24cd63bcb991d1cc44"}
,"/server/config/keys.js": {"path":"/server/config/keys.js","statementMap":{"0":{"start":{"line":1,"column":0},"end":{"line":3,"column":2}}},"fnMap":{},"branchMap":{},"s":{"0":1},"f":{},"b":{},"_coverageSchema":"1a1c01bbd47fc00a2c39e90264f33305004495a9","hash":"125f9a144035b484491b692c959a3f1fb0d3b4ab"}
,"/server/config/passport.js": {"path":"/server/config/passport.js","statementMap":{"0":{"start":{"line":2,"column":18},"end":{"line":2,"column":50}},"1":{"start":{"line":5,"column":17},"end":{"line":5,"column":51}},"2":{"start":{"line":8,"column":13},"end":{"line":8,"column":42}},"3":{"start":{"line":11,"column":11},"end":{"line":11,"column":28}},"4":{"start":{"line":14,"column":14},"end":{"line":14,"column":16}},"5":{"start":{"line":18,"column":0},"end":{"line":18,"column":71}},"6":{"start":{"line":21,"column":0},"end":{"line":21,"column":39}},"7":{"start":{"line":27,"column":0},"end":{"line":44,"column":2}},"8":{"start":{"line":28,"column":2},"end":{"line":28,"column":20}},"9":{"start":{"line":29,"column":2},"end":{"line":29,"column":34}},"10":{"start":{"line":30,"column":2},"end":{"line":43,"column":4}},"11":{"start":{"line":32,"column":6},"end":{"line":32,"column":38}},"12":{"start":{"line":33,"column":6},"end":{"line":41,"column":43}},"13":{"start":{"line":35,"column":23},"end":{"line":35,"column":39}},"14":{"start":{"line":36,"column":10},"end":{"line":38,"column":11}},"15":{"start":{"line":37,"column":12},"end":{"line":37,"column":36}},"16":{"start":{"line":39,"column":10},"end":{"line":39,"column":35}},"17":{"start":{"line":41,"column":24},"end":{"line":41,"column":41}}},"fnMap":{"0":{"name":"(anonymous_0)","decl":{"start":{"line":27,"column":17},"end":{"line":27,"column":18}},"loc":{"start":{"line":27,"column":31},"end":{"line":44,"column":1}},"line":27},"1":{"name":"(anonymous_1)","decl":{"start":{"line":31,"column":29},"end":{"line":31,"column":30}},"loc":{"start":{"line":31,"column":58},"end":{"line":42,"column":5}},"line":31},"2":{"name":"(anonymous_2)","decl":{"start":{"line":34,"column":14},"end":{"line":34,"column":15}},"loc":{"start":{"line":34,"column":28},"end":{"line":40,"column":9}},"line":34},"3":{"name":"(anonymous_3)","decl":{"start":{"line":41,"column":15},"end":{"line":41,"column":16}},"loc":{"start":{"line":41,"column":24},"end":{"line":41,"column":41}},"line":41}},"branchMap":{"0":{"loc":{"start":{"line":36,"column":10},"end":{"line":38,"column":11}},"type":"if","locations":[{"start":{"line":36,"column":10},"end":{"line":38,"column":11}},{"start":{"line":36,"column":10},"end":{"line":38,"column":11}}],"line":36}},"s":{"0":1,"1":1,"2":1,"3":1,"4":1,"5":1,"6":1,"7":1,"8":1,"9":1,"10":1,"11":0,"12":0,"13":0,"14":0,"15":0,"16":0,"17":0},"f":{"0":1,"1":0,"2":0,"3":0},"b":{"0":[0,0]},"_coverageSchema":"1a1c01bbd47fc00a2c39e90264f33305004495a9","hash":"8c5268d4ab42f38013e8fdd5496728e056f8a5be"}
,"/server/controllers/habits.js": {"path":"/server/controllers/habits.js","statementMap":{"0":{"start":{"line":1,"column":16},"end":{"line":1,"column":34}},"1":{"start":{"line":2,"column":15},"end":{"line":2,"column":31}},"2":{"start":{"line":3,"column":12},"end":{"line":3,"column":35}},"3":{"start":{"line":4,"column":17},"end":{"line":4,"column":36}},"4":{"start":{"line":6,"column":14},"end":{"line":6,"column":41}},"5":{"start":{"line":8,"column":0},"end":{"line":23,"column":2}},"6":{"start":{"line":12,"column":4},"end":{"line":21,"column":5}},"7":{"start":{"line":13,"column":21},"end":{"line":13,"column":53}},"8":{"start":{"line":14,"column":6},"end":{"line":17,"column":8}},"9":{"start":{"line":18,"column":6},"end":{"line":18,"column":23}},"10":{"start":{"line":20,"column":6},"end":{"line":20,"column":36}},"11":{"start":{"line":25,"column":0},"end":{"line":38,"column":2}},"12":{"start":{"line":29,"column":4},"end":{"line":36,"column":5}},"13":{"start":{"line":30,"column":6},"end":{"line":30,"column":24}},"14":{"start":{"line":31,"column":6},"end":{"line":31,"column":36}},"15":{"start":{"line":32,"column":21},"end":{"line":32,"column":49}},"16":{"start":{"line":33,"column":6},"end":{"line":33,"column":23}},"17":{"start":{"line":35,"column":6},"end":{"line":35,"column":36}},"18":{"start":{"line":40,"column":0},"end":{"line":57,"column":2}},"19":{"start":{"line":44,"column":4},"end":{"line":55,"column":5}},"20":{"start":{"line":45,"column":23},"end":{"line":51,"column":7}},"21":{"start":{"line":52,"column":6},"end":{"line":52,"column":37}},"22":{"start":{"line":54,"column":6},"end":{"line":54,"column":36}},"23":{"start":{"line":58,"column":0},"end":{"line":76,"column":2}},"24":{"start":{"line":62,"column":4},"end":{"line":74,"column":5}},"25":{"start":{"line":63,"column":6},"end":{"line":63,"column":24}},"26":{"start":{"line":64,"column":6},"end":{"line":64,"column":36}},"27":{"start":{"line":65,"column":21},"end":{"line":65,"column":49}},"28":{"start":{"line":66,"column":27},"end":{"line":70,"column":7}},"29":{"start":{"line":71,"column":6},"end":{"line":71,"column":29}},"30":{"start":{"line":73,"column":6},"end":{"line":73,"column":36}},"31":{"start":{"line":77,"column":0},"end":{"line":91,"column":2}},"32":{"start":{"line":81,"column":4},"end":{"line":89,"column":5}},"33":{"start":{"line":82,"column":6},"end":{"line":82,"column":24}},"34":{"start":{"line":83,"column":6},"end":{"line":83,"column":36}},"35":{"start":{"line":84,"column":21},"end":{"line":84,"column":49}},"36":{"start":{"line":85,"column":6},"end":{"line":85,"column":29}},"37":{"start":{"line":86,"column":6},"end":{"line":86,"column":38}},"38":{"start":{"line":88,"column":6},"end":{"line":88,"column":36}},"39":{"start":{"line":93,"column":0},"end":{"line":93,"column":24}}},"fnMap":{"0":{"name":"(anonymous_0)","decl":{"start":{"line":11,"column":2},"end":{"line":11,"column":3}},"loc":{"start":{"line":11,"column":22},"end":{"line":22,"column":3}},"line":11},"1":{"name":"(anonymous_1)","decl":{"start":{"line":28,"column":2},"end":{"line":28,"column":3}},"loc":{"start":{"line":28,"column":22},"end":{"line":37,"column":3}},"line":28},"2":{"name":"(anonymous_2)","decl":{"start":{"line":43,"column":2},"end":{"line":43,"column":3}},"loc":{"start":{"line":43,"column":22},"end":{"line":56,"column":3}},"line":43},"3":{"name":"(anonymous_3)","decl":{"start":{"line":61,"column":2},"end":{"line":61,"column":3}},"loc":{"start":{"line":61,"column":22},"end":{"line":75,"column":3}},"line":61},"4":{"name":"(anonymous_4)","decl":{"start":{"line":80,"column":2},"end":{"line":80,"column":3}},"loc":{"start":{"line":80,"column":22},"end":{"line":90,"column":3}},"line":80}},"branchMap":{},"s":{"0":1,"1":1,"2":1,"3":1,"4":1,"5":1,"6":0,"7":0,"8":0,"9":0,"10":0,"11":1,"12":0,"13":0,"14":0,"15":0,"16":0,"17":0,"18":1,"19":0,"20":0,"21":0,"22":0,"23":1,"24":0,"25":0,"26":0,"27":0,"28":0,"29":0,"30":0,"31":1,"32":0,"33":0,"34":0,"35":0,"36":0,"37":0,"38":0,"39":1},"f":{"0":0,"1":0,"2":0,"3":0,"4":0},"b":{},"_coverageSchema":"1a1c01bbd47fc00a2c39e90264f33305004495a9","hash":"521b24e8f196dcc8bd5548b1ba05723930f16b8e"}
,"/server/controllers/users.js": {"path":"/server/controllers/users.js","statementMap":{"0":{"start":{"line":1,"column":16},"end":{"line":1,"column":34}},"1":{"start":{"line":2,"column":15},"end":{"line":2,"column":31}},"2":{"start":{"line":3,"column":13},"end":{"line":3,"column":39}},"3":{"start":{"line":4,"column":15},"end":{"line":4,"column":34}},"4":{"start":{"line":5,"column":13},"end":{"line":5,"column":38}},"5":{"start":{"line":6,"column":12},"end":{"line":6,"column":35}},"6":{"start":{"line":7,"column":17},"end":{"line":7,"column":36}},"7":{"start":{"line":8,"column":26},"end":{"line":8,"column":67}},"8":{"start":{"line":9,"column":22},"end":{"line":9,"column":60}},"9":{"start":{"line":11,"column":0},"end":{"line":18,"column":3}},"10":{"start":{"line":12,"column":2},"end":{"line":17,"column":3}},"11":{"start":{"line":13,"column":18},"end":{"line":13,"column":32}},"12":{"start":{"line":14,"column":4},"end":{"line":14,"column":20}},"13":{"start":{"line":16,"column":4},"end":{"line":16,"column":34}},"14":{"start":{"line":21,"column":0},"end":{"line":32,"column":2}},"15":{"start":{"line":26,"column":4},"end":{"line":30,"column":7}},"16":{"start":{"line":34,"column":0},"end":{"line":61,"column":3}},"17":{"start":{"line":35,"column":2},"end":{"line":60,"column":3}},"18":{"start":{"line":36,"column":4},"end":{"line":36,"column":37}},"19":{"start":{"line":37,"column":32},"end":{"line":37,"column":59}},"20":{"start":{"line":38,"column":4},"end":{"line":40,"column":5}},"21":{"start":{"line":39,"column":6},"end":{"line":39,"column":42}},"22":{"start":{"line":42,"column":17},"end":{"line":42,"column":41}},"23":{"start":{"line":43,"column":27},"end":{"line":43,"column":69}},"24":{"start":{"line":45,"column":17},"end":{"line":45,"column":55}},"25":{"start":{"line":46,"column":4},"end":{"line":57,"column":5}},"26":{"start":{"line":47,"column":6},"end":{"line":49,"column":73}},"27":{"start":{"line":51,"column":22},"end":{"line":55,"column":7}},"28":{"start":{"line":56,"column":6},"end":{"line":56,"column":52}},"29":{"start":{"line":59,"column":4},"end":{"line":59,"column":18}},"30":{"start":{"line":63,"column":0},"end":{"line":106,"column":3}},"31":{"start":{"line":64,"column":2},"end":{"line":105,"column":3}},"32":{"start":{"line":66,"column":32},"end":{"line":66,"column":55}},"33":{"start":{"line":67,"column":4},"end":{"line":67,"column":24}},"34":{"start":{"line":68,"column":4},"end":{"line":70,"column":5}},"35":{"start":{"line":69,"column":6},"end":{"line":69,"column":42}},"36":{"start":{"line":71,"column":32},"end":{"line":71,"column":40}},"37":{"start":{"line":74,"column":19},"end":{"line":74,"column":48}},"38":{"start":{"line":75,"column":17},"end":{"line":75,"column":31}},"39":{"start":{"line":76,"column":4},"end":{"line":78,"column":5}},"40":{"start":{"line":77,"column":6},"end":{"line":77,"column":49}},"41":{"start":{"line":80,"column":20},"end":{"line":80,"column":65}},"42":{"start":{"line":81,"column":4},"end":{"line":102,"column":5}},"43":{"start":{"line":82,"column":22},"end":{"line":86,"column":7}},"44":{"start":{"line":87,"column":6},"end":{"line":98,"column":8}},"45":{"start":{"line":92,"column":10},"end":{"line":92,"column":31}},"46":{"start":{"line":93,"column":10},"end":{"line":96,"column":13}},"47":{"start":{"line":101,"column":6},"end":{"line":101,"column":80}},"48":{"start":{"line":104,"column":4},"end":{"line":104,"column":44}},"49":{"start":{"line":108,"column":0},"end":{"line":108,"column":24}}},"fnMap":{"0":{"name":"(anonymous_0)","decl":{"start":{"line":11,"column":16},"end":{"line":11,"column":17}},"loc":{"start":{"line":11,"column":36},"end":{"line":18,"column":1}},"line":11},"1":{"name":"(anonymous_1)","decl":{"start":{"line":24,"column":2},"end":{"line":24,"column":3}},"loc":{"start":{"line":24,"column":16},"end":{"line":31,"column":3}},"line":24},"2":{"name":"(anonymous_2)","decl":{"start":{"line":34,"column":25},"end":{"line":34,"column":26}},"loc":{"start":{"line":34,"column":45},"end":{"line":61,"column":1}},"line":34},"3":{"name":"(anonymous_3)","decl":{"start":{"line":63,"column":22},"end":{"line":63,"column":23}},"loc":{"start":{"line":63,"column":42},"end":{"line":106,"column":1}},"line":63},"4":{"name":"(anonymous_4)","decl":{"start":{"line":91,"column":8},"end":{"line":91,"column":9}},"loc":{"start":{"line":91,"column":24},"end":{"line":97,"column":9}},"line":91}},"branchMap":{"0":{"loc":{"start":{"line":38,"column":4},"end":{"line":40,"column":5}},"type":"if","locations":[{"start":{"line":38,"column":4},"end":{"line":40,"column":5}},{"start":{"line":38,"column":4},"end":{"line":40,"column":5}}],"line":38},"1":{"loc":{"start":{"line":46,"column":4},"end":{"line":57,"column":5}},"type":"if","locations":[{"start":{"line":46,"column":4},"end":{"line":57,"column":5}},{"start":{"line":46,"column":4},"end":{"line":57,"column":5}}],"line":46},"2":{"loc":{"start":{"line":68,"column":4},"end":{"line":70,"column":5}},"type":"if","locations":[{"start":{"line":68,"column":4},"end":{"line":70,"column":5}},{"start":{"line":68,"column":4},"end":{"line":70,"column":5}}],"line":68},"3":{"loc":{"start":{"line":76,"column":4},"end":{"line":78,"column":5}},"type":"if","locations":[{"start":{"line":76,"column":4},"end":{"line":78,"column":5}},{"start":{"line":76,"column":4},"end":{"line":78,"column":5}}],"line":76},"4":{"loc":{"start":{"line":81,"column":4},"end":{"line":102,"column":5}},"type":"if","locations":[{"start":{"line":81,"column":4},"end":{"line":102,"column":5}},{"start":{"line":81,"column":4},"end":{"line":102,"column":5}}],"line":81}},"s":{"0":1,"1":1,"2":1,"3":1,"4":1,"5":1,"6":1,"7":1,"8":1,"9":1,"10":1,"11":1,"12":0,"13":1,"14":1,"15":0,"16":1,"17":1,"18":1,"19":1,"20":1,"21":0,"22":1,"23":1,"24":1,"25":0,"26":0,"27":0,"28":0,"29":1,"30":1,"31":1,"32":1,"33":1,"34":1,"35":0,"36":1,"37":1,"38":0,"39":0,"40":0,"41":0,"42":0,"43":0,"44":0,"45":0,"46":0,"47":0,"48":1,"49":1},"f":{"0":1,"1":0,"2":1,"3":1,"4":0},"b":{"0":[0,1],"1":[0,0],"2":[0,1],"3":[0,0],"4":[0,0]},"_coverageSchema":"1a1c01bbd47fc00a2c39e90264f33305004495a9","hash":"e78e7ce14f05dc7ac0d783b770ab38b20cf66fa6"}
,"/server/db/config.js": {"path":"/server/db/config.js","statementMap":{"0":{"start":{"line":1,"column":17},"end":{"line":1,"column":30}},"1":{"start":{"line":4,"column":15},"end":{"line":11,"column":1}},"2":{"start":{"line":12,"column":13},"end":{"line":12,"column":51}},"3":{"start":{"line":15,"column":2},"end":{"line":15,"column":41}},"4":{"start":{"line":18,"column":0},"end":{"line":18,"column":25}}},"fnMap":{"0":{"name":"run","decl":{"start":{"line":14,"column":9},"end":{"line":14,"column":12}},"loc":{"start":{"line":14,"column":34},"end":{"line":16,"column":1}},"line":14}},"branchMap":{},"s":{"0":1,"1":1,"2":1,"3":3,"4":1},"f":{"0":3},"b":{},"_coverageSchema":"1a1c01bbd47fc00a2c39e90264f33305004495a9","hash":"b7ecb4ff90b1832fe8b8a7c613b44eb29aeeaf10"}
,"/server/models/Users.js": {"path":"/server/models/Users.js","statementMap":{"0":{"start":{"line":1,"column":11},"end":{"line":1,"column":34}},"1":{"start":{"line":2,"column":12},"end":{"line":2,"column":43}},"2":{"start":{"line":6,"column":4},"end":{"line":6,"column":34}},"3":{"start":{"line":7,"column":4},"end":{"line":7,"column":28}},"4":{"start":{"line":8,"column":4},"end":{"line":8,"column":34}},"5":{"start":{"line":12,"column":4},"end":{"line":20,"column":7}},"6":{"start":{"line":13,"column":6},"end":{"line":19,"column":7}},"7":{"start":{"line":14,"column":21},"end":{"line":14,"column":60}},"8":{"start":{"line":15,"column":20},"end":{"line":15,"column":61}},"9":{"start":{"line":15,"column":46},"end":{"line":15,"column":60}},"10":{"start":{"line":16,"column":8},"end":{"line":16,"column":19}},"11":{"start":{"line":18,"column":8},"end":{"line":18,"column":43}},"12":{"start":{"line":24,"column":4},"end":{"line":35,"column":7}},"13":{"start":{"line":25,"column":6},"end":{"line":34,"column":7}},"14":{"start":{"line":26,"column":25},"end":{"line":27,"column":71}},"15":{"start":{"line":28,"column":8},"end":{"line":28,"column":30}},"16":{"start":{"line":29,"column":19},"end":{"line":29,"column":45}},"17":{"start":{"line":30,"column":8},"end":{"line":30,"column":37}},"18":{"start":{"line":31,"column":8},"end":{"line":31,"column":18}},"19":{"start":{"line":33,"column":8},"end":{"line":33,"column":40}},"20":{"start":{"line":39,"column":4},"end":{"line":47,"column":7}},"21":{"start":{"line":40,"column":6},"end":{"line":46,"column":7}},"22":{"start":{"line":41,"column":21},"end":{"line":42,"column":73}},"23":{"start":{"line":43,"column":8},"end":{"line":43,"column":20}},"24":{"start":{"line":45,"column":8},"end":{"line":45,"column":45}},"25":{"start":{"line":51,"column":0},"end":{"line":51,"column":22}}},"fnMap":{"0":{"name":"(anonymous_0)","decl":{"start":{"line":5,"column":2},"end":{"line":5,"column":3}},"loc":{"start":{"line":5,"column":20},"end":{"line":9,"column":3}},"line":5},"1":{"name":"(anonymous_1)","decl":{"start":{"line":11,"column":2},"end":{"line":11,"column":3}},"loc":{"start":{"line":11,"column":19},"end":{"line":21,"column":3}},"line":11},"2":{"name":"(anonymous_2)","decl":{"start":{"line":12,"column":23},"end":{"line":12,"column":24}},"loc":{"start":{"line":12,"column":43},"end":{"line":20,"column":5}},"line":12},"3":{"name":"(anonymous_3)","decl":{"start":{"line":15,"column":36},"end":{"line":15,"column":37}},"loc":{"start":{"line":15,"column":46},"end":{"line":15,"column":60}},"line":15},"4":{"name":"(anonymous_4)","decl":{"start":{"line":23,"column":2},"end":{"line":23,"column":3}},"loc":{"start":{"line":23,"column":43},"end":{"line":36,"column":3}},"line":23},"5":{"name":"(anonymous_5)","decl":{"start":{"line":24,"column":23},"end":{"line":24,"column":24}},"loc":{"start":{"line":24,"column":43},"end":{"line":35,"column":5}},"line":24},"6":{"name":"(anonymous_6)","decl":{"start":{"line":38,"column":2},"end":{"line":38,"column":3}},"loc":{"start":{"line":38,"column":28},"end":{"line":48,"column":3}},"line":38},"7":{"name":"(anonymous_7)","decl":{"start":{"line":39,"column":23},"end":{"line":39,"column":24}},"loc":{"start":{"line":39,"column":43},"end":{"line":47,"column":5}},"line":39}},"branchMap":{},"s":{"0":1,"1":1,"2":0,"3":0,"4":0,"5":1,"6":1,"7":1,"8":0,"9":0,"10":0,"11":1,"12":0,"13":0,"14":0,"15":0,"16":0,"17":0,"18":0,"19":0,"20":2,"21":2,"22":2,"23":0,"24":2,"25":1},"f":{"0":0,"1":1,"2":1,"3":0,"4":0,"5":0,"6":2,"7":2},"b":{},"_coverageSchema":"1a1c01bbd47fc00a2c39e90264f33305004495a9","hash":"7f9dc61699fb41ade96abf3c335400930303c4bc"}
,"/server/models/habits.js": {"path":"/server/models/habits.js","statementMap":{"0":{"start":{"line":1,"column":11},"end":{"line":1,"column":34}},"1":{"start":{"line":2,"column":12},"end":{"line":2,"column":43}},"2":{"start":{"line":3,"column":15},"end":{"line":3,"column":46}},"3":{"start":{"line":7,"column":4},"end":{"line":7,"column":22}},"4":{"start":{"line":8,"column":4},"end":{"line":8,"column":26}},"5":{"start":{"line":9,"column":4},"end":{"line":9,"column":42}},"6":{"start":{"line":10,"column":4},"end":{"line":10,"column":34}},"7":{"start":{"line":11,"column":4},"end":{"line":11,"column":30}},"8":{"start":{"line":12,"column":4},"end":{"line":12,"column":38}},"9":{"start":{"line":16,"column":4},"end":{"line":26,"column":7}},"10":{"start":{"line":17,"column":6},"end":{"line":25,"column":7}},"11":{"start":{"line":18,"column":8},"end":{"line":18,"column":26}},"12":{"start":{"line":19,"column":16},"end":{"line":19,"column":79}},"13":{"start":{"line":20,"column":8},"end":{"line":20,"column":23}},"14":{"start":{"line":21,"column":20},"end":{"line":21,"column":51}},"15":{"start":{"line":21,"column":38},"end":{"line":21,"column":50}},"16":{"start":{"line":22,"column":8},"end":{"line":22,"column":19}},"17":{"start":{"line":24,"column":8},"end":{"line":24,"column":43}},"18":{"start":{"line":30,"column":4},"end":{"line":39,"column":7}},"19":{"start":{"line":31,"column":6},"end":{"line":38,"column":7}},"20":{"start":{"line":32,"column":17},"end":{"line":33,"column":104}},"21":{"start":{"line":34,"column":23},"end":{"line":34,"column":44}},"22":{"start":{"line":35,"column":8},"end":{"line":35,"column":22}},"23":{"start":{"line":37,"column":8},"end":{"line":37,"column":40}},"24":{"start":{"line":43,"column":4},"end":{"line":53,"column":7}},"25":{"start":{"line":44,"column":6},"end":{"line":52,"column":7}},"26":{"start":{"line":45,"column":26},"end":{"line":47,"column":9}},"27":{"start":{"line":48,"column":24},"end":{"line":48,"column":52}},"28":{"start":{"line":49,"column":8},"end":{"line":49,"column":23}},"29":{"start":{"line":51,"column":8},"end":{"line":51,"column":43}},"30":{"start":{"line":69,"column":4},"end":{"line":79,"column":7}},"31":{"start":{"line":70,"column":6},"end":{"line":78,"column":7}},"32":{"start":{"line":71,"column":32},"end":{"line":73,"column":9}},"33":{"start":{"line":74,"column":28},"end":{"line":74,"column":64}},"34":{"start":{"line":75,"column":8},"end":{"line":75,"column":31}},"35":{"start":{"line":77,"column":8},"end":{"line":77,"column":40}},"36":{"start":{"line":107,"column":4},"end":{"line":114,"column":7}},"37":{"start":{"line":108,"column":6},"end":{"line":113,"column":7}},"38":{"start":{"line":109,"column":8},"end":{"line":109,"column":69}},"39":{"start":{"line":110,"column":8},"end":{"line":110,"column":34}},"40":{"start":{"line":112,"column":8},"end":{"line":112,"column":41}},"41":{"start":{"line":118,"column":0},"end":{"line":118,"column":23}}},"fnMap":{"0":{"name":"(anonymous_0)","decl":{"start":{"line":6,"column":2},"end":{"line":6,"column":3}},"loc":{"start":{"line":6,"column":20},"end":{"line":13,"column":3}},"line":6},"1":{"name":"(anonymous_1)","decl":{"start":{"line":15,"column":2},"end":{"line":15,"column":3}},"loc":{"start":{"line":15,"column":21},"end":{"line":27,"column":3}},"line":15},"2":{"name":"(anonymous_2)","decl":{"start":{"line":16,"column":23},"end":{"line":16,"column":24}},"loc":{"start":{"line":16,"column":43},"end":{"line":26,"column":5}},"line":16},"3":{"name":"(anonymous_3)","decl":{"start":{"line":21,"column":31},"end":{"line":21,"column":32}},"loc":{"start":{"line":21,"column":38},"end":{"line":21,"column":50}},"line":21},"4":{"name":"(anonymous_4)","decl":{"start":{"line":29,"column":2},"end":{"line":29,"column":3}},"loc":{"start":{"line":29,"column":66},"end":{"line":40,"column":3}},"line":29},"5":{"name":"(anonymous_5)","decl":{"start":{"line":30,"column":23},"end":{"line":30,"column":24}},"loc":{"start":{"line":30,"column":43},"end":{"line":39,"column":5}},"line":30},"6":{"name":"(anonymous_6)","decl":{"start":{"line":42,"column":2},"end":{"line":42,"column":3}},"loc":{"start":{"line":42,"column":30},"end":{"line":54,"column":3}},"line":42},"7":{"name":"(anonymous_7)","decl":{"start":{"line":43,"column":23},"end":{"line":43,"column":24}},"loc":{"start":{"line":43,"column":43},"end":{"line":53,"column":5}},"line":43},"8":{"name":"(anonymous_8)","decl":{"start":{"line":68,"column":2},"end":{"line":68,"column":3}},"loc":{"start":{"line":68,"column":43},"end":{"line":80,"column":3}},"line":68},"9":{"name":"(anonymous_9)","decl":{"start":{"line":69,"column":23},"end":{"line":69,"column":24}},"loc":{"start":{"line":69,"column":50},"end":{"line":79,"column":5}},"line":69},"10":{"name":"(anonymous_10)","decl":{"start":{"line":106,"column":2},"end":{"line":106,"column":3}},"loc":{"start":{"line":106,"column":12},"end":{"line":115,"column":3}},"line":106},"11":{"name":"(anonymous_11)","decl":{"start":{"line":107,"column":23},"end":{"line":107,"column":24}},"loc":{"start":{"line":107,"column":50},"end":{"line":114,"column":5}},"line":107}},"branchMap":{},"s":{"0":1,"1":1,"2":1,"3":0,"4":0,"5":0,"6":0,"7":0,"8":0,"9":0,"10":0,"11":0,"12":0,"13":0,"14":0,"15":0,"16":0,"17":0,"18":0,"19":0,"20":0,"21":0,"22":0,"23":0,"24":0,"25":0,"26":0,"27":0,"28":0,"29":0,"30":0,"31":0,"32":0,"33":0,"34":0,"35":0,"36":0,"37":0,"38":0,"39":0,"40":0,"41":1},"f":{"0":0,"1":0,"2":0,"3":0,"4":0,"5":0,"6":0,"7":0,"8":0,"9":0,"10":0,"11":0},"b":{},"_coverageSchema":"1a1c01bbd47fc00a2c39e90264f33305004495a9","hash":"d93b197e6c2f8fe0d821069dd34b7305ead8b611"}
,"/server/models/users.js": {"path":"/server/models/users.js","statementMap":{"0":{"start":{"line":1,"column":11},"end":{"line":1,"column":34}},"1":{"start":{"line":2,"column":12},"end":{"line":2,"column":43}},"2":{"start":{"line":6,"column":4},"end":{"line":6,"column":34}},"3":{"start":{"line":7,"column":4},"end":{"line":7,"column":28}},"4":{"start":{"line":8,"column":4},"end":{"line":8,"column":34}},"5":{"start":{"line":12,"column":4},"end":{"line":20,"column":7}},"6":{"start":{"line":13,"column":6},"end":{"line":19,"column":7}},"7":{"start":{"line":14,"column":21},"end":{"line":14,"column":60}},"8":{"start":{"line":15,"column":20},"end":{"line":15,"column":61}},"9":{"start":{"line":15,"column":46},"end":{"line":15,"column":60}},"10":{"start":{"line":16,"column":8},"end":{"line":16,"column":19}},"11":{"start":{"line":18,"column":8},"end":{"line":18,"column":43}},"12":{"start":{"line":24,"column":4},"end":{"line":35,"column":7}},"13":{"start":{"line":25,"column":6},"end":{"line":34,"column":7}},"14":{"start":{"line":26,"column":25},"end":{"line":27,"column":71}},"15":{"start":{"line":28,"column":8},"end":{"line":28,"column":30}},"16":{"start":{"line":29,"column":19},"end":{"line":29,"column":45}},"17":{"start":{"line":30,"column":8},"end":{"line":30,"column":37}},"18":{"start":{"line":31,"column":8},"end":{"line":31,"column":18}},"19":{"start":{"line":33,"column":8},"end":{"line":33,"column":40}},"20":{"start":{"line":39,"column":4},"end":{"line":47,"column":7}},"21":{"start":{"line":40,"column":6},"end":{"line":46,"column":7}},"22":{"start":{"line":41,"column":21},"end":{"line":42,"column":73}},"23":{"start":{"line":43,"column":8},"end":{"line":43,"column":20}},"24":{"start":{"line":45,"column":8},"end":{"line":45,"column":45}},"25":{"start":{"line":51,"column":0},"end":{"line":51,"column":22}}},"fnMap":{"0":{"name":"(anonymous_0)","decl":{"start":{"line":5,"column":2},"end":{"line":5,"column":3}},"loc":{"start":{"line":5,"column":20},"end":{"line":9,"column":3}},"line":5},"1":{"name":"(anonymous_1)","decl":{"start":{"line":11,"column":2},"end":{"line":11,"column":3}},"loc":{"start":{"line":11,"column":19},"end":{"line":21,"column":3}},"line":11},"2":{"name":"(anonymous_2)","decl":{"start":{"line":12,"column":23},"end":{"line":12,"column":24}},"loc":{"start":{"line":12,"column":43},"end":{"line":20,"column":5}},"line":12},"3":{"name":"(anonymous_3)","decl":{"start":{"line":15,"column":36},"end":{"line":15,"column":37}},"loc":{"start":{"line":15,"column":46},"end":{"line":15,"column":60}},"line":15},"4":{"name":"(anonymous_4)","decl":{"start":{"line":23,"column":2},"end":{"line":23,"column":3}},"loc":{"start":{"line":23,"column":43},"end":{"line":36,"column":3}},"line":23},"5":{"name":"(anonymous_5)","decl":{"start":{"line":24,"column":23},"end":{"line":24,"column":24}},"loc":{"start":{"line":24,"column":43},"end":{"line":35,"column":5}},"line":24},"6":{"name":"(anonymous_6)","decl":{"start":{"line":38,"column":2},"end":{"line":38,"column":3}},"loc":{"start":{"line":38,"column":28},"end":{"line":48,"column":3}},"line":38},"7":{"name":"(anonymous_7)","decl":{"start":{"line":39,"column":23},"end":{"line":39,"column":24}},"loc":{"start":{"line":39,"column":43},"end":{"line":47,"column":5}},"line":39}},"branchMap":{},"s":{"0":1,"1":1,"2":0,"3":0,"4":0,"5":0,"6":0,"7":0,"8":0,"9":0,"10":0,"11":0,"12":0,"13":0,"14":0,"15":0,"16":0,"17":0,"18":0,"19":0,"20":0,"21":0,"22":0,"23":0,"24":0,"25":1},"f":{"0":0,"1":0,"2":0,"3":0,"4":0,"5":0,"6":0,"7":0},"b":{},"_coverageSchema":"1a1c01bbd47fc00a2c39e90264f33305004495a9","hash":"83fb2da7237e24dc535a025460e1a3a24a7aeda1"}
,"/server/validation_helpers/login.js": {"path":"/server/validation_helpers/login.js","statementMap":{"0":{"start":{"line":1,"column":18},"end":{"line":1,"column":38}},"1":{"start":{"line":3,"column":18},"end":{"line":3,"column":40}},"2":{"start":{"line":7,"column":0},"end":{"line":31,"column":2}},"3":{"start":{"line":8,"column":15},"end":{"line":8,"column":17}},"4":{"start":{"line":9,"column":2},"end":{"line":9,"column":55}},"5":{"start":{"line":10,"column":2},"end":{"line":10,"column":64}},"6":{"start":{"line":13,"column":2},"end":{"line":15,"column":3}},"7":{"start":{"line":14,"column":4},"end":{"line":14,"column":38}},"8":{"start":{"line":17,"column":2},"end":{"line":19,"column":3}},"9":{"start":{"line":18,"column":4},"end":{"line":18,"column":45}},"10":{"start":{"line":22,"column":2},"end":{"line":24,"column":3}},"11":{"start":{"line":23,"column":4},"end":{"line":23,"column":51}},"12":{"start":{"line":27,"column":2},"end":{"line":30,"column":4}}},"fnMap":{"0":{"name":"validateLogin","decl":{"start":{"line":7,"column":26},"end":{"line":7,"column":39}},"loc":{"start":{"line":7,"column":46},"end":{"line":31,"column":1}},"line":7}},"branchMap":{"0":{"loc":{"start":{"line":9,"column":15},"end":{"line":9,"column":54}},"type":"cond-expr","locations":[{"start":{"line":9,"column":39},"end":{"line":9,"column":49}},{"start":{"line":9,"column":52},"end":{"line":9,"column":54}}],"line":9},"1":{"loc":{"start":{"line":10,"column":18},"end":{"line":10,"column":63}},"type":"cond-expr","locations":[{"start":{"line":10,"column":45},"end":{"line":10,"column":58}},{"start":{"line":10,"column":61},"end":{"line":10,"column":63}}],"line":10},"2":{"loc":{"start":{"line":13,"column":2},"end":{"line":15,"column":3}},"type":"if","locations":[{"start":{"line":13,"column":2},"end":{"line":15,"column":3}},{"start":{"line":13,"column":2},"end":{"line":15,"column":3}}],"line":13},"3":{"loc":{"start":{"line":17,"column":2},"end":{"line":19,"column":3}},"type":"if","locations":[{"start":{"line":17,"column":2},"end":{"line":19,"column":3}},{"start":{"line":17,"column":2},"end":{"line":19,"column":3}}],"line":17},"4":{"loc":{"start":{"line":22,"column":2},"end":{"line":24,"column":3}},"type":"if","locations":[{"start":{"line":22,"column":2},"end":{"line":24,"column":3}},{"start":{"line":22,"column":2},"end":{"line":24,"column":3}}],"line":22}},"s":{"0":1,"1":1,"2":1,"3":1,"4":1,"5":1,"6":1,"7":0,"8":1,"9":0,"10":1,"11":0,"12":1},"f":{"0":1},"b":{"0":[1,0],"1":[1,0],"2":[0,1],"3":[0,1],"4":[0,1]},"_coverageSchema":"1a1c01bbd47fc00a2c39e90264f33305004495a9","hash":"090f0413b48eabe39362387be4294cef9493538e"}
,"/server/validation_helpers/register.js": {"path":"/server/validation_helpers/register.js","statementMap":{"0":{"start":{"line":1,"column":18},"end":{"line":1,"column":38}},"1":{"start":{"line":2,"column":18},"end":{"line":2,"column":40}},"2":{"start":{"line":6,"column":0},"end":{"line":38,"column":2}},"3":{"start":{"line":7,"column":15},"end":{"line":7,"column":17}},"4":{"start":{"line":9,"column":2},"end":{"line":9,"column":64}},"5":{"start":{"line":10,"column":2},"end":{"line":10,"column":55}},"6":{"start":{"line":11,"column":2},"end":{"line":11,"column":64}},"7":{"start":{"line":12,"column":2},"end":{"line":12,"column":67}},"8":{"start":{"line":14,"column":2},"end":{"line":16,"column":3}},"9":{"start":{"line":15,"column":4},"end":{"line":15,"column":69}},"10":{"start":{"line":18,"column":2},"end":{"line":20,"column":3}},"11":{"start":{"line":19,"column":4},"end":{"line":19,"column":45}},"12":{"start":{"line":22,"column":2},"end":{"line":24,"column":3}},"13":{"start":{"line":23,"column":4},"end":{"line":23,"column":41}},"14":{"start":{"line":26,"column":2},"end":{"line":28,"column":3}},"15":{"start":{"line":27,"column":4},"end":{"line":27,"column":69}},"16":{"start":{"line":30,"column":2},"end":{"line":32,"column":3}},"17":{"start":{"line":31,"column":4},"end":{"line":31,"column":67}},"18":{"start":{"line":34,"column":2},"end":{"line":37,"column":4}}},"fnMap":{"0":{"name":"validateRegistation","decl":{"start":{"line":6,"column":26},"end":{"line":6,"column":45}},"loc":{"start":{"line":6,"column":52},"end":{"line":38,"column":1}},"line":6}},"branchMap":{"0":{"loc":{"start":{"line":9,"column":18},"end":{"line":9,"column":63}},"type":"cond-expr","locations":[{"start":{"line":9,"column":45},"end":{"line":9,"column":58}},{"start":{"line":9,"column":61},"end":{"line":9,"column":63}}],"line":9},"1":{"loc":{"start":{"line":10,"column":15},"end":{"line":10,"column":54}},"type":"cond-expr","locations":[{"start":{"line":10,"column":39},"end":{"line":10,"column":49}},{"start":{"line":10,"column":52},"end":{"line":10,"column":54}}],"line":10},"2":{"loc":{"start":{"line":11,"column":18},"end":{"line":11,"column":63}},"type":"cond-expr","locations":[{"start":{"line":11,"column":45},"end":{"line":11,"column":58}},{"start":{"line":11,"column":61},"end":{"line":11,"column":63}}],"line":11},"3":{"loc":{"start":{"line":12,"column":19},"end":{"line":12,"column":66}},"type":"cond-expr","locations":[{"start":{"line":12,"column":47},"end":{"line":12,"column":61}},{"start":{"line":12,"column":64},"end":{"line":12,"column":66}}],"line":12},"4":{"loc":{"start":{"line":14,"column":2},"end":{"line":16,"column":3}},"type":"if","locations":[{"start":{"line":14,"column":2},"end":{"line":16,"column":3}},{"start":{"line":14,"column":2},"end":{"line":16,"column":3}}],"line":14},"5":{"loc":{"start":{"line":18,"column":2},"end":{"line":20,"column":3}},"type":"if","locations":[{"start":{"line":18,"column":2},"end":{"line":20,"column":3}},{"start":{"line":18,"column":2},"end":{"line":20,"column":3}}],"line":18},"6":{"loc":{"start":{"line":22,"column":2},"end":{"line":24,"column":3}},"type":"if","locations":[{"start":{"line":22,"column":2},"end":{"line":24,"column":3}},{"start":{"line":22,"column":2},"end":{"line":24,"column":3}}],"line":22},"7":{"loc":{"start":{"line":26,"column":2},"end":{"line":28,"column":3}},"type":"if","locations":[{"start":{"line":26,"column":2},"end":{"line":28,"column":3}},{"start":{"line":26,"column":2},"end":{"line":28,"column":3}}],"line":26},"8":{"loc":{"start":{"line":30,"column":2},"end":{"line":32,"column":3}},"type":"if","locations":[{"start":{"line":30,"column":2},"end":{"line":32,"column":3}},{"start":{"line":30,"column":2},"end":{"line":32,"column":3}}],"line":30}},"s":{"0":1,"1":1,"2":1,"3":1,"4":1,"5":1,"6":1,"7":1,"8":1,"9":0,"10":1,"11":0,"12":1,"13":0,"14":1,"15":0,"16":1,"17":0,"18":1},"f":{"0":1},"b":{"0":[1,0],"1":[1,0],"2":[1,0],"3":[1,0],"4":[0,1],"5":[0,1],"6":[0,1],"7":[0,1],"8":[0,1]},"_coverageSchema":"1a1c01bbd47fc00a2c39e90264f33305004495a9","hash":"d67412cef994f2595e36872ee4884dcdfe3f8401"}
,"/server/validation_helpers/validText.js": {"path":"/server/validation_helpers/validText.js","statementMap":{"0":{"start":{"line":1,"column":18},"end":{"line":7,"column":1}},"1":{"start":{"line":6,"column":2},"end":{"line":6,"column":58}},"2":{"start":{"line":8,"column":0},"end":{"line":8,"column":27}}},"fnMap":{"0":{"name":"(anonymous_0)","decl":{"start":{"line":1,"column":18},"end":{"line":1,"column":19}},"loc":{"start":{"line":1,"column":27},"end":{"line":7,"column":1}},"line":1}},"branchMap":{"0":{"loc":{"start":{"line":6,"column":9},"end":{"line":6,"column":57}},"type":"binary-expr","locations":[{"start":{"line":6,"column":9},"end":{"line":6,"column":32}},{"start":{"line":6,"column":36},"end":{"line":6,"column":57}}],"line":6}},"s":{"0":1,"1":6,"2":1},"f":{"0":6},"b":{"0":[6,6]},"_coverageSchema":"1a1c01bbd47fc00a2c39e90264f33305004495a9","hash":"688de7851687389a3e9ffcdcdc1132b95c8a5385"}
}
