TN:
SF:server.js
FN:27,(anonymous_0)
FN:31,(anonymous_1)
FNF:2
FNH:2
FNDA:1,(anonymous_0)
FNDA:1,(anonymous_1)
DA:1,1
DA:2,1
DA:4,1
DA:5,1
DA:6,1
DA:13,1
DA:16,1
DA:18,1
DA:19,1
DA:20,1
DA:22,1
DA:24,1
DA:25,1
DA:27,1
DA:28,1
DA:31,1
DA:32,1
DA:35,1
LF:18
LH:18
BRDA:22,0,0,1
BRDA:22,0,1,1
BRF:2
BRH:2
end_of_record
TN:
SF:config/keys.js
FNF:0
FNH:0
DA:1,1
LF:1
LH:1
BRF:0
BRH:0
end_of_record
TN:
SF:config/passport.js
FN:27,(anonymous_0)
FN:31,(anonymous_1)
FN:34,(anonymous_2)
FN:41,(anonymous_3)
FNF:4
FNH:1
FNDA:1,(anonymous_0)
FNDA:0,(anonymous_1)
FNDA:0,(anonymous_2)
FNDA:0,(anonymous_3)
DA:2,1
DA:5,1
DA:8,1
DA:11,1
DA:14,1
DA:18,1
DA:21,1
DA:27,1
DA:28,1
DA:29,1
DA:30,1
DA:32,0
DA:33,0
DA:35,0
DA:36,0
DA:37,0
DA:39,0
DA:41,0
LF:18
LH:11
BRDA:36,0,0,0
BRDA:36,0,1,0
BRF:2
BRH:0
end_of_record
TN:
SF:controllers/habits.js
FN:11,(anonymous_0)
FN:28,(anonymous_1)
FN:43,(anonymous_2)
FN:61,(anonymous_3)
FN:80,(anonymous_4)
FNF:5
FNH:0
FNDA:0,(anonymous_0)
FNDA:0,(anonymous_1)
FNDA:0,(anonymous_2)
FNDA:0,(anonymous_3)
FNDA:0,(anonymous_4)
DA:1,1
DA:2,1
DA:3,1
DA:4,1
DA:6,1
DA:8,1
DA:12,0
DA:13,0
DA:14,0
DA:18,0
DA:20,0
DA:25,1
DA:29,0
DA:30,0
DA:31,0
DA:32,0
DA:33,0
DA:35,0
DA:40,1
DA:44,0
DA:45,0
DA:52,0
DA:54,0
DA:58,1
DA:62,0
DA:63,0
DA:64,0
DA:65,0
DA:66,0
DA:71,0
DA:73,0
DA:77,1
DA:81,0
DA:82,0
DA:83,0
DA:84,0
DA:85,0
DA:86,0
DA:88,0
DA:93,1
LF:40
LH:11
BRF:0
BRH:0
end_of_record
TN:
SF:controllers/users.js
FN:11,(anonymous_0)
FN:24,(anonymous_1)
FN:34,(anonymous_2)
FN:63,(anonymous_3)
FN:91,(anonymous_4)
FNF:5
FNH:3
FNDA:1,(anonymous_0)
FNDA:0,(anonymous_1)
FNDA:1,(anonymous_2)
FNDA:1,(anonymous_3)
FNDA:0,(anonymous_4)
DA:1,1
DA:2,1
DA:3,1
DA:4,1
DA:5,1
DA:6,1
DA:7,1
DA:8,1
DA:9,1
DA:11,1
DA:12,1
DA:13,1
DA:14,0
DA:16,1
DA:21,1
DA:26,0
DA:34,1
DA:35,1
DA:36,1
DA:37,1
DA:38,1
DA:39,0
DA:42,1
DA:43,1
DA:45,1
DA:46,0
DA:47,0
DA:51,0
DA:56,0
DA:59,1
DA:63,1
DA:64,1
DA:66,1
DA:67,1
DA:68,1
DA:69,0
DA:71,1
DA:74,1
DA:75,0
DA:76,0
DA:77,0
DA:80,0
DA:81,0
DA:82,0
DA:87,0
DA:92,0
DA:93,0
DA:101,0
DA:104,1
DA:108,1
LF:50
LH:32
BRDA:38,0,0,0
BRDA:38,0,1,1
BRDA:46,1,0,0
BRDA:46,1,1,0
BRDA:68,2,0,0
BRDA:68,2,1,1
BRDA:76,3,0,0
BRDA:76,3,1,0
BRDA:81,4,0,0
BRDA:81,4,1,0
BRF:10
BRH:2
end_of_record
TN:
SF:db/config.js
FN:14,run
FNF:1
FNH:1
FNDA:3,run
DA:1,1
DA:4,1
DA:12,1
DA:15,3
DA:18,1
LF:5
LH:5
BRF:0
BRH:0
end_of_record
TN:
SF:models/Users.js
FN:5,(anonymous_0)
FN:11,(anonymous_1)
FN:12,(anonymous_2)
FN:15,(anonymous_3)
FN:23,(anonymous_4)
FN:24,(anonymous_5)
FN:38,(anonymous_6)
FN:39,(anonymous_7)
FNF:8
FNH:4
FNDA:0,(anonymous_0)
FNDA:1,(anonymous_1)
FNDA:1,(anonymous_2)
FNDA:0,(anonymous_3)
FNDA:0,(anonymous_4)
FNDA:0,(anonymous_5)
FNDA:2,(anonymous_6)
FNDA:2,(anonymous_7)
DA:1,1
DA:2,1
DA:6,0
DA:7,0
DA:8,0
DA:12,1
DA:13,1
DA:14,1
DA:15,0
DA:16,0
DA:18,1
DA:24,0
DA:25,0
DA:26,0
DA:28,0
DA:29,0
DA:30,0
DA:31,0
DA:33,0
DA:39,2
DA:40,2
DA:41,2
DA:43,0
DA:45,2
DA:51,1
LF:25
LH:11
BRF:0
BRH:0
end_of_record
TN:
SF:models/habits.js
FN:6,(anonymous_0)
FN:15,(anonymous_1)
FN:16,(anonymous_2)
FN:21,(anonymous_3)
FN:29,(anonymous_4)
FN:30,(anonymous_5)
FN:42,(anonymous_6)
FN:43,(anonymous_7)
FN:68,(anonymous_8)
FN:69,(anonymous_9)
FN:106,(anonymous_10)
FN:107,(anonymous_11)
FNF:12
FNH:0
FNDA:0,(anonymous_0)
FNDA:0,(anonymous_1)
FNDA:0,(anonymous_2)
FNDA:0,(anonymous_3)
FNDA:0,(anonymous_4)
FNDA:0,(anonymous_5)
FNDA:0,(anonymous_6)
FNDA:0,(anonymous_7)
FNDA:0,(anonymous_8)
FNDA:0,(anonymous_9)
FNDA:0,(anonymous_10)
FNDA:0,(anonymous_11)
DA:1,1
DA:2,1
DA:3,1
DA:7,0
DA:8,0
DA:9,0
DA:10,0
DA:11,0
DA:12,0
DA:16,0
DA:17,0
DA:18,0
DA:19,0
DA:20,0
DA:21,0
DA:22,0
DA:24,0
DA:30,0
DA:31,0
DA:32,0
DA:34,0
DA:35,0
DA:37,0
DA:43,0
DA:44,0
DA:45,0
DA:48,0
DA:49,0
DA:51,0
DA:69,0
DA:70,0
DA:71,0
DA:74,0
DA:75,0
DA:77,0
DA:107,0
DA:108,0
DA:109,0
DA:110,0
DA:112,0
DA:118,1
LF:41
LH:4
BRF:0
BRH:0
end_of_record
TN:
SF:models/users.js
FN:5,(anonymous_0)
FN:11,(anonymous_1)
FN:12,(anonymous_2)
FN:15,(anonymous_3)
FN:23,(anonymous_4)
FN:24,(anonymous_5)
FN:38,(anonymous_6)
FN:39,(anonymous_7)
FNF:8
FNH:0
FNDA:0,(anonymous_0)
FNDA:0,(anonymous_1)
FNDA:0,(anonymous_2)
FNDA:0,(anonymous_3)
FNDA:0,(anonymous_4)
FNDA:0,(anonymous_5)
FNDA:0,(anonymous_6)
FNDA:0,(anonymous_7)
DA:1,1
DA:2,1
DA:6,0
DA:7,0
DA:8,0
DA:12,0
DA:13,0
DA:14,0
DA:15,0
DA:16,0
DA:18,0
DA:24,0
DA:25,0
DA:26,0
DA:28,0
DA:29,0
DA:30,0
DA:31,0
DA:33,0
DA:39,0
DA:40,0
DA:41,0
DA:43,0
DA:45,0
DA:51,1
LF:25
LH:3
BRF:0
BRH:0
end_of_record
TN:
SF:validation_helpers/login.js
FN:7,validateLogin
FNF:1
FNH:1
FNDA:1,validateLogin
DA:1,1
DA:3,1
DA:7,1
DA:8,1
DA:9,1
DA:10,1
DA:13,1
DA:14,0
DA:17,1
DA:18,0
DA:22,1
DA:23,0
DA:27,1
LF:13
LH:10
BRDA:9,0,0,1
BRDA:9,0,1,0
BRDA:10,1,0,1
BRDA:10,1,1,0
BRDA:13,2,0,0
BRDA:13,2,1,1
BRDA:17,3,0,0
BRDA:17,3,1,1
BRDA:22,4,0,0
BRDA:22,4,1,1
BRF:10
BRH:5
end_of_record
TN:
SF:validation_helpers/register.js
FN:6,validateRegistation
FNF:1
FNH:1
FNDA:1,validateRegistation
DA:1,1
DA:2,1
DA:6,1
DA:7,1
DA:9,1
DA:10,1
DA:11,1
DA:12,1
DA:14,1
DA:15,0
DA:18,1
DA:19,0
DA:22,1
DA:23,0
DA:26,1
DA:27,0
DA:30,1
DA:31,0
DA:34,1
LF:19
LH:14
BRDA:9,0,0,1
BRDA:9,0,1,0
BRDA:10,1,0,1
BRDA:10,1,1,0
BRDA:11,2,0,1
BRDA:11,2,1,0
BRDA:12,3,0,1
BRDA:12,3,1,0
BRDA:14,4,0,0
BRDA:14,4,1,1
BRDA:18,5,0,0
BRDA:18,5,1,1
BRDA:22,6,0,0
BRDA:22,6,1,1
BRDA:26,7,0,0
BRDA:26,7,1,1
BRDA:30,8,0,0
BRDA:30,8,1,1
BRF:18
BRH:9
end_of_record
TN:
SF:validation_helpers/validText.js
FN:1,(anonymous_0)
FNF:1
FNH:1
FNDA:6,(anonymous_0)
DA:1,1
DA:6,6
DA:8,1
LF:3
LH:3
BRDA:6,0,0,6
BRDA:6,0,1,6
BRF:2
BRH:2
end_of_record
